{"C:\\Users\\jaac1\\OneDrive\\Escritorio\\PROYECTO INTEGRADOR\\rick_and_morty\\Server\\src\\app.js": {"path":"C:\\Users\\jaac1\\OneDrive\\Escritorio\\PROYECTO INTEGRADOR\\rick_and_morty\\Server\\src\\app.js","statementMap":{"0":{"start":{"line":1,"column":16},"end":{"line":1,"column":34}},"1":{"start":{"line":2,"column":15},"end":{"line":2,"column":24}},"2":{"start":{"line":3,"column":15},"end":{"line":3,"column":40}},"3":{"start":{"line":7,"column":0},"end":{"line":16,"column":3}},"4":{"start":{"line":8,"column":4},"end":{"line":8,"column":51}},"5":{"start":{"line":9,"column":4},"end":{"line":9,"column":59}},"6":{"start":{"line":10,"column":4},"end":{"line":13,"column":6}},"7":{"start":{"line":14,"column":4},"end":{"line":14,"column":82}},"8":{"start":{"line":15,"column":4},"end":{"line":15,"column":11}},"9":{"start":{"line":18,"column":0},"end":{"line":18,"column":27}},"10":{"start":{"line":20,"column":0},"end":{"line":20,"column":36}},"11":{"start":{"line":22,"column":0},"end":{"line":22,"column":24}}},"fnMap":{"0":{"name":"(anonymous_0)","decl":{"start":{"line":7,"column":11},"end":{"line":7,"column":12}},"loc":{"start":{"line":7,"column":31},"end":{"line":16,"column":1}},"line":7}},"branchMap":{},"s":{"0":1,"1":1,"2":1,"3":1,"4":3,"5":3,"6":3,"7":3,"8":3,"9":1,"10":1,"11":1},"f":{"0":3},"b":{},"_coverageSchema":"1a1c01bbd47fc00a2c39e90264f33305004495a9","hash":"590c2514af87fb60bcdc123908fefcb7690c464c"}
,"C:\\Users\\jaac1\\OneDrive\\Escritorio\\PROYECTO INTEGRADOR\\rick_and_morty\\Server\\src\\controllers\\getCharById.js": {"path":"C:\\Users\\jaac1\\OneDrive\\Escritorio\\PROYECTO INTEGRADOR\\rick_and_morty\\Server\\src\\controllers\\getCharById.js","statementMap":{"0":{"start":{"line":3,"column":14},"end":{"line":3,"column":31}},"1":{"start":{"line":7,"column":20},"end":{"line":20,"column":1}},"2":{"start":{"line":8,"column":4},"end":{"line":19,"column":5}},"3":{"start":{"line":9,"column":21},"end":{"line":9,"column":31}},"4":{"start":{"line":10,"column":25},"end":{"line":10,"column":91}},"5":{"start":{"line":11,"column":8},"end":{"line":16,"column":9}},"6":{"start":{"line":12,"column":81},"end":{"line":12,"column":85}},"7":{"start":{"line":13,"column":12},"end":{"line":13,"column":84}},"8":{"start":{"line":15,"column":12},"end":{"line":15,"column":56}},"9":{"start":{"line":18,"column":8},"end":{"line":18,"column":46}},"10":{"start":{"line":22,"column":0},"end":{"line":22,"column":29}}},"fnMap":{"0":{"name":"(anonymous_0)","decl":{"start":{"line":7,"column":20},"end":{"line":7,"column":21}},"loc":{"start":{"line":7,"column":40},"end":{"line":20,"column":1}},"line":7}},"branchMap":{"0":{"loc":{"start":{"line":11,"column":8},"end":{"line":16,"column":9}},"type":"if","locations":[{"start":{"line":11,"column":8},"end":{"line":16,"column":9}},{"start":{"line":14,"column":15},"end":{"line":16,"column":9}}],"line":11},"1":{"loc":{"start":{"line":12,"column":42},"end":{"line":12,"column":62}},"type":"default-arg","locations":[{"start":{"line":12,"column":51},"end":{"line":12,"column":62}}],"line":12}},"s":{"0":1,"1":1,"2":3,"3":3,"4":3,"5":2,"6":2,"7":2,"8":0,"9":1,"10":1},"f":{"0":3},"b":{"0":[2,0],"1":[0]},"_coverageSchema":"1a1c01bbd47fc00a2c39e90264f33305004495a9","hash":"92e6e8a0b89551ef98c6326484a9ad1150e7358e"}
,"C:\\Users\\jaac1\\OneDrive\\Escritorio\\PROYECTO INTEGRADOR\\rick_and_morty\\Server\\src\\controllers\\handleFavorites.js": {"path":"C:\\Users\\jaac1\\OneDrive\\Escritorio\\PROYECTO INTEGRADOR\\rick_and_morty\\Server\\src\\controllers\\handleFavorites.js","statementMap":{"0":{"start":{"line":1,"column":18},"end":{"line":1,"column":20}},"1":{"start":{"line":3,"column":16},"end":{"line":7,"column":1}},"2":{"start":{"line":4,"column":4},"end":{"line":4,"column":32}},"3":{"start":{"line":6,"column":4},"end":{"line":6,"column":26}},"4":{"start":{"line":9,"column":18},"end":{"line":17,"column":1}},"5":{"start":{"line":10,"column":16},"end":{"line":10,"column":26}},"6":{"start":{"line":12,"column":22},"end":{"line":12,"column":71}},"7":{"start":{"line":12,"column":49},"end":{"line":12,"column":70}},"8":{"start":{"line":14,"column":24},"end":{"line":14,"column":69}},"9":{"start":{"line":16,"column":4},"end":{"line":16,"column":24}},"10":{"start":{"line":19,"column":0},"end":{"line":29,"column":21}},"11":{"start":{"line":29,"column":38},"end":{"line":29,"column":37409}},"12":{"start":{"line":29,"column":42},"end":{"line":29,"column":37398}},"13":{"start":{"line":29,"column":37434},"end":{"line":29,"column":37474}},"14":{"start":{"line":29,"column":37438},"end":{"line":29,"column":37463}},"15":{"start":{"line":29,"column":37475},"end":{"line":29,"column":37483}},"16":{"start":{"line":29,"column":37508},"end":{"line":29,"column":37550}},"17":{"start":{"line":29,"column":37512},"end":{"line":29,"column":37539}},"18":{"start":{"line":29,"column":37551},"end":{"line":29,"column":37559}},"19":{"start":{"line":29,"column":37578},"end":{"line":29,"column":37615}},"20":{"start":{"line":29,"column":37582},"end":{"line":29,"column":37604}},"21":{"start":{"line":29,"column":37634},"end":{"line":29,"column":37674}},"22":{"start":{"line":29,"column":37638},"end":{"line":29,"column":37663}}},"fnMap":{"0":{"name":"(anonymous_0)","decl":{"start":{"line":3,"column":16},"end":{"line":3,"column":17}},"loc":{"start":{"line":3,"column":30},"end":{"line":7,"column":1}},"line":3},"1":{"name":"(anonymous_1)","decl":{"start":{"line":9,"column":18},"end":{"line":9,"column":19}},"loc":{"start":{"line":9,"column":32},"end":{"line":17,"column":1}},"line":9},"2":{"name":"(anonymous_2)","decl":{"start":{"line":12,"column":42},"end":{"line":12,"column":43}},"loc":{"start":{"line":12,"column":49},"end":{"line":12,"column":70}},"line":12},"3":{"name":"oo_cm","decl":{"start":{"line":29,"column":30},"end":{"line":29,"column":35}},"loc":{"start":{"line":29,"column":37},"end":{"line":29,"column":37410}},"line":29},"4":{"name":"oo_oo","decl":{"start":{"line":29,"column":37420},"end":{"line":29,"column":37425}},"loc":{"start":{"line":29,"column":37433},"end":{"line":29,"column":37484}},"line":29},"5":{"name":"oo_tr","decl":{"start":{"line":29,"column":37494},"end":{"line":29,"column":37499}},"loc":{"start":{"line":29,"column":37507},"end":{"line":29,"column":37560}},"line":29},"6":{"name":"oo_ts","decl":{"start":{"line":29,"column":37570},"end":{"line":29,"column":37575}},"loc":{"start":{"line":29,"column":37577},"end":{"line":29,"column":37616}},"line":29},"7":{"name":"oo_te","decl":{"start":{"line":29,"column":37626},"end":{"line":29,"column":37631}},"loc":{"start":{"line":29,"column":37633},"end":{"line":29,"column":37675}},"line":29}},"branchMap":{"0":{"loc":{"start":{"line":29,"column":49},"end":{"line":29,"column":37397}},"type":"binary-expr","locations":[{"start":{"line":29,"column":49},"end":{"line":29,"column":86}},{"start":{"line":29,"column":90},"end":{"line":29,"column":37397}}],"line":29}},"s":{"0":1,"1":1,"2":0,"3":0,"4":1,"5":0,"6":0,"7":0,"8":0,"9":0,"10":1,"11":0,"12":0,"13":0,"14":0,"15":0,"16":0,"17":0,"18":0,"19":0,"20":0,"21":0,"22":0},"f":{"0":0,"1":0,"2":0,"3":0,"4":0,"5":0,"6":0,"7":0},"b":{"0":[0,0]},"_coverageSchema":"1a1c01bbd47fc00a2c39e90264f33305004495a9","hash":"b433684d1fdd3bd6cd96740b476c0d2a88d81e7c"}
,"C:\\Users\\jaac1\\OneDrive\\Escritorio\\PROYECTO INTEGRADOR\\rick_and_morty\\Server\\src\\controllers\\login.js": {"path":"C:\\Users\\jaac1\\OneDrive\\Escritorio\\PROYECTO INTEGRADOR\\rick_and_morty\\Server\\src\\controllers\\login.js","statementMap":{"0":{"start":{"line":1,"column":14},"end":{"line":1,"column":40}},"1":{"start":{"line":3,"column":14},"end":{"line":14,"column":1}},"2":{"start":{"line":4,"column":30},"end":{"line":4,"column":39}},"3":{"start":{"line":8,"column":4},"end":{"line":12,"column":6}},"4":{"start":{"line":9,"column":8},"end":{"line":11,"column":9}},"5":{"start":{"line":10,"column":12},"end":{"line":10,"column":48}},"6":{"start":{"line":13,"column":4},"end":{"line":13,"column":41}},"7":{"start":{"line":16,"column":0},"end":{"line":16,"column":23}}},"fnMap":{"0":{"name":"(anonymous_0)","decl":{"start":{"line":3,"column":14},"end":{"line":3,"column":15}},"loc":{"start":{"line":3,"column":28},"end":{"line":14,"column":1}},"line":3},"1":{"name":"(anonymous_1)","decl":{"start":{"line":8,"column":19},"end":{"line":8,"column":20}},"loc":{"start":{"line":8,"column":27},"end":{"line":12,"column":5}},"line":8}},"branchMap":{"0":{"loc":{"start":{"line":9,"column":8},"end":{"line":11,"column":9}},"type":"if","locations":[{"start":{"line":9,"column":8},"end":{"line":11,"column":9}},{"start":{},"end":{}}],"line":9},"1":{"loc":{"start":{"line":9,"column":12},"end":{"line":9,"column":62}},"type":"binary-expr","locations":[{"start":{"line":9,"column":12},"end":{"line":9,"column":32}},{"start":{"line":9,"column":36},"end":{"line":9,"column":62}}],"line":9}},"s":{"0":1,"1":1,"2":0,"3":0,"4":0,"5":0,"6":0,"7":1},"f":{"0":0,"1":0},"b":{"0":[0,0],"1":[0,0]},"_coverageSchema":"1a1c01bbd47fc00a2c39e90264f33305004495a9","hash":"b6cd7d3c75b9263780450b29637fd9df9d33dcdb"}
,"C:\\Users\\jaac1\\OneDrive\\Escritorio\\PROYECTO INTEGRADOR\\rick_and_morty\\Server\\src\\routes\\index.js": {"path":"C:\\Users\\jaac1\\OneDrive\\Escritorio\\PROYECTO INTEGRADOR\\rick_and_morty\\Server\\src\\routes\\index.js","statementMap":{"0":{"start":{"line":1,"column":15},"end":{"line":1,"column":42}},"1":{"start":{"line":3,"column":14},"end":{"line":3,"column":45}},"2":{"start":{"line":4,"column":20},"end":{"line":4,"column":58}},"3":{"start":{"line":5,"column":31},"end":{"line":5,"column":73}},"4":{"start":{"line":8,"column":0},"end":{"line":8,"column":43}},"5":{"start":{"line":9,"column":0},"end":{"line":9,"column":29}},"6":{"start":{"line":10,"column":0},"end":{"line":10,"column":30}},"7":{"start":{"line":11,"column":0},"end":{"line":11,"column":38}},"8":{"start":{"line":14,"column":0},"end":{"line":14,"column":24}}},"fnMap":{},"branchMap":{},"s":{"0":1,"1":1,"2":1,"3":1,"4":1,"5":1,"6":1,"7":1,"8":1},"f":{},"b":{},"_coverageSchema":"1a1c01bbd47fc00a2c39e90264f33305004495a9","hash":"9649aeea579dcdf1c2872819b6b04d326495333a"}
,"C:\\Users\\jaac1\\OneDrive\\Escritorio\\PROYECTO INTEGRADOR\\rick_and_morty\\Server\\src\\utils\\users.js": {"path":"C:\\Users\\jaac1\\OneDrive\\Escritorio\\PROYECTO INTEGRADOR\\rick_and_morty\\Server\\src\\utils\\users.js","statementMap":{"0":{"start":{"line":1,"column":0},"end":{"line":1,"column":65}}},"fnMap":{},"branchMap":{},"s":{"0":1},"f":{},"b":{},"_coverageSchema":"1a1c01bbd47fc00a2c39e90264f33305004495a9","hash":"76fd788737eb19a619fb2f468b1d64e7441ad7bb"}
}
