TN:
SF:src\app.js
FN:7,(anonymous_0)
FNF:1
FNH:1
FNDA:3,(anonymous_0)
DA:1,1
DA:2,1
DA:3,1
DA:7,1
DA:8,3
DA:9,3
DA:10,3
DA:14,3
DA:15,3
DA:18,1
DA:20,1
DA:22,1
LF:12
LH:12
BRF:0
BRH:0
end_of_record
TN:
SF:src\controllers\getCharById.js
FN:7,(anonymous_0)
FNF:1
FNH:1
FNDA:3,(anonymous_0)
DA:3,1
DA:7,1
DA:8,3
DA:9,3
DA:10,3
DA:11,2
DA:12,2
DA:13,2
DA:15,0
DA:18,1
DA:22,1
LF:11
LH:10
BRDA:11,0,0,2
BRDA:11,0,1,0
BRDA:12,1,0,0
BRF:3
BRH:1
end_of_record
TN:
SF:src\controllers\handleFavorites.js
FN:3,(anonymous_0)
FN:9,(anonymous_1)
FN:12,(anonymous_2)
FN:29,oo_cm
FN:29,oo_oo
FN:29,oo_tr
FN:29,oo_ts
FN:29,oo_te
FNF:8
FNH:0
FNDA:0,(anonymous_0)
FNDA:0,(anonymous_1)
FNDA:0,(anonymous_2)
FNDA:0,oo_cm
FNDA:0,oo_oo
FNDA:0,oo_tr
FNDA:0,oo_ts
FNDA:0,oo_te
DA:1,1
DA:3,1
DA:4,0
DA:6,0
DA:9,1
DA:10,0
DA:12,0
DA:14,0
DA:16,0
DA:19,1
DA:29,0
LF:11
LH:4
BRDA:29,0,0,0
BRDA:29,0,1,0
BRF:2
BRH:0
end_of_record
TN:
SF:src\controllers\login.js
FN:3,(anonymous_0)
FN:8,(anonymous_1)
FNF:2
FNH:0
FNDA:0,(anonymous_0)
FNDA:0,(anonymous_1)
DA:1,1
DA:3,1
DA:4,0
DA:8,0
DA:9,0
DA:10,0
DA:13,0
DA:16,1
LF:8
LH:3
BRDA:9,0,0,0
BRDA:9,0,1,0
BRDA:9,1,0,0
BRDA:9,1,1,0
BRF:4
BRH:0
end_of_record
TN:
SF:src\routes\index.js
FNF:0
FNH:0
DA:1,1
DA:3,1
DA:4,1
DA:5,1
DA:8,1
DA:9,1
DA:10,1
DA:11,1
DA:14,1
LF:9
LH:9
BRF:0
BRH:0
end_of_record
TN:
SF:src\utils\users.js
FNF:0
FNH:0
DA:1,1
LF:1
LH:1
BRF:0
BRH:0
end_of_record
